<?xml version="1.0" encoding="UTF-8"?>
<!-- Generated by org.testng.reporters.JUnitXMLReporter -->
<testsuite ignored="0" hostname="LAPTOP-N1FNJ9SA" failures="1" tests="2" name="Test" time="98.023" errors="0" timestamp="2024-10-23T22:10:16 IST">
  <testcase classname="testCases.TC_01_AccouuntRegister" name="Register" time="17.349"/>
  <testcase classname="testCases.TC_02_Login" name="login" time="16.859">
    <failure type="java.lang.AssertionError" message="expected [My Account123] but found [My Account]">
      <![CDATA[java.lang.AssertionError: expected [My Account123] but found [My Account]
at testCases.TC_02_Login.login(TC_02_Login.java:36)
at java.base/java.util.ArrayList.forEach(ArrayList.java:1511)
... Removed 33 stack frames]]>
    </failure>
  </testcase> <!-- login -->
</testsuite> <!-- Test -->
