<?xml version="1.0" encoding="UTF-8"?>
<testng-results ignored="0" total="1" passed="1" failed="0" skipped="0">
  <reporter-output>
  </reporter-output>
  <suite started-at="2024-10-28T15:44:18 IST" name="Suite" finished-at="2024-10-28T15:44:32 IST" duration-ms="13991">
    <groups>
    </groups>
    <test started-at="2024-10-28T15:44:18 IST" name="Test" finished-at="2024-10-28T15:44:32 IST" duration-ms="13991">
      <class name="testCases.TC04_ContactUsPage">
        <test-method is-config="true" signature="setUp(java.lang.String)[pri:0, instance:testCases.TC04_ContactUsPage@7446d8d5]" started-at="2024-10-28T15:44:18 IST" name="setUp" finished-at="2024-10-28T15:44:21 IST" duration-ms="3219" status="PASS">
          <params>
            <param index="0">
              <value>
                <![CDATA[Chrome]]>
              </value>
            </param>
          </params>
          <reporter-output>
          </reporter-output>
        </test-method> <!-- setUp -->
        <test-method signature="ContactDetails()[pri:0, instance:testCases.TC04_ContactUsPage@7446d8d5]" started-at="2024-10-28T15:44:21 IST" name="ContactDetails" finished-at="2024-10-28T15:44:32 IST" duration-ms="10709" status="PASS">
          <reporter-output>
          </reporter-output>
        </test-method> <!-- ContactDetails -->
        <test-method is-config="true" signature="tearDown()[pri:0, instance:testCases.TC04_ContactUsPage@7446d8d5]" started-at="2024-10-28T15:44:32 IST" name="tearDown" finished-at="2024-10-28T15:44:32 IST" duration-ms="1" status="PASS">
          <reporter-output>
          </reporter-output>
        </test-method> <!-- tearDown -->
      </class> <!-- testCases.TC04_ContactUsPage -->
    </test> <!-- Test -->
  </suite> <!-- Suite -->
</testng-results>
